<?xml version="1.0" encoding="UTF-8"?>
<testsuite hostname="a-cdd622f9b4c14" name="tests.UsingAssertions" tests="1" failures="1" timestamp="30 Jun 2011 18:14:08 GMT" time="0.016" errors="0">
  <testcase name="testGoogleSearch" time="0.016" classname="tests.UsingAssertions">
    <failure type="java.lang.AssertionError" message="Error coming because of xyz reason expected:&amp;lt;true&amp;gt; but was:&amp;lt;false&amp;gt;">
      <![CDATA[java.lang.AssertionError: Error coming because of xyz reason expected:<true> but was:<false>
	at tests.UsingAssertions.testGoogleSearch(UsingAssertions.java:25)
... Removed 27 stack frames]]>
    </failure>
  </testcase>
</testsuite>
